C:\USERS\BAUMANN\GOOGLE DRIVE\PROG\PI_MONTECARLO_PARALLEL\PI_MONTECARLO_PARALLEL\DEBUG\CODIGO.OBJ
C:\USERS\BAUMANN\GOOGLE DRIVE\PROG\PI_MONTECARLO_PARALLEL\PI_MONTECARLO_PARALLEL\DEBUG\VC110.PDB
C:\USERS\BAUMANN\GOOGLE DRIVE\PROG\PI_MONTECARLO_PARALLEL\DEBUG\PI_MONTECARLO_PARALLEL.ILK
C:\USERS\BAUMANN\GOOGLE DRIVE\PROG\PI_MONTECARLO_PARALLEL\DEBUG\PI_MONTECARLO_PARALLEL.EXE
C:\USERS\BAUMANN\GOOGLE DRIVE\PROG\PI_MONTECARLO_PARALLEL\DEBUG\PI_MONTECARLO_PARALLEL.PDB
C:\Users\Baumann\Google Drive\PROG\PI_Montecarlo_Parallel\PI_Montecarlo_Parallel\Debug\codigo.obj
C:\Users\Baumann\Google Drive\PROG\PI_Montecarlo_Parallel\PI_Montecarlo_Parallel\Debug\cl.command.1.tlog
C:\Users\Baumann\Google Drive\PROG\PI_Montecarlo_Parallel\PI_Montecarlo_Parallel\Debug\CL.read.1.tlog
C:\Users\Baumann\Google Drive\PROG\PI_Montecarlo_Parallel\PI_Montecarlo_Parallel\Debug\CL.write.1.tlog
C:\Users\Baumann\Google Drive\PROG\PI_Montecarlo_Parallel\PI_Montecarlo_Parallel\Debug\link-cvtres.read.1.tlog
C:\Users\Baumann\Google Drive\PROG\PI_Montecarlo_Parallel\PI_Montecarlo_Parallel\Debug\link-cvtres.write.1.tlog
C:\Users\Baumann\Google Drive\PROG\PI_Montecarlo_Parallel\PI_Montecarlo_Parallel\Debug\link-rc.read.1.tlog
C:\Users\Baumann\Google Drive\PROG\PI_Montecarlo_Parallel\PI_Montecarlo_Parallel\Debug\link-rc.write.1.tlog
C:\Users\Baumann\Google Drive\PROG\PI_Montecarlo_Parallel\PI_Montecarlo_Parallel\Debug\link.command.1.tlog
C:\Users\Baumann\Google Drive\PROG\PI_Montecarlo_Parallel\PI_Montecarlo_Parallel\Debug\link.read.1.tlog
C:\Users\Baumann\Google Drive\PROG\PI_Montecarlo_Parallel\PI_Montecarlo_Parallel\Debug\link.write.1.tlog
C:\Users\Baumann\Google Drive\PROG\PI_Montecarlo_Parallel\PI_Montecarlo_Parallel\Debug\vc110.idb
C:\Users\Baumann\Google Drive\PROG\PI_Montecarlo_Parallel\PI_Montecarlo_Parallel\Debug\vc110.pdb
C:\Users\Baumann\Google Drive\PROG\PI_Montecarlo_Parallel\Debug\PI_Montecarlo_Parallel.pdb
C:\Users\Baumann\Google Drive\PROG\PI_Montecarlo_Parallel\Debug\PI_Montecarlo_Parallel.exe
C:\Users\Baumann\Google Drive\PROG\PI_Montecarlo_Parallel\Debug\PI_Montecarlo_Parallel.ilk
